Using pre-set license
Built from '2020.3/china_unity/release' branch; Version is '2020.3.15f2c1 (b25d0e34ed8a) revision 11689230'; Using compiler version '192528614'; Build Type 'Release'
OS: 'Windows 10 Pro; OS build 19044.1645; Version 2009; 64bit' Language: 'zh' Physical Memory: 16280 MB
BatchMode: 1, IsHumanControllingUs: 0, StartBugReporterOnCrash: 0, Is64bit: 1, IsPro: 0

 COMMAND LINE ARGUMENTS:
C:\Program Files\Unity\Editor\Unity.exe
-adb2
-batchMode
-noUpm
-name
AssetImportWorker0
-projectPath
C:/Users/NH55/Documents/GitHub/VR_Scenario
-logFile
Logs/AssetImportWorker0.log
-srvPort
12079
Successfully changed project path to: C:/Users/NH55/Documents/GitHub/VR_Scenario
C:/Users/NH55/Documents/GitHub/VR_Scenario
Using Asset Import Pipeline V2.
Refreshing native plugins compatible for Editor in 35.65 ms, found 2 plugins.
Preloading 0 native plugins for Editor in 0.00 ms.
Initialize engine version: 2020.3.15f2c1 (b25d0e34ed8a)
[Subsystems] Discovering subsystems at path C:/Program Files/Unity/Editor/Data/Resources/UnitySubsystems
[Subsystems] Discovering subsystems at path C:/Users/NH55/Documents/GitHub/VR_Scenario/Assets
GfxDevice: creating device client; threaded=0
Direct3D:
    Version:  Direct3D 11.0 [level 11.1]
    Renderer: NVIDIA GeForce RTX 2060 (ID=0x1f15)
    Vendor:   
    VRAM:     5980 MB
    Driver:   30.0.15.1179
Initialize mono
Mono path[0] = 'C:/Program Files/Unity/Editor/Data/Managed'
Mono path[1] = 'C:/Program Files/Unity/Editor/Data/MonoBleedingEdge/lib/mono/unityjit'
Mono config path = 'C:/Program Files/Unity/Editor/Data/MonoBleedingEdge/etc'
Using monoOptions --debugger-agent=transport=dt_socket,embedding=1,server=y,suspend=n,address=127.0.0.1:56280
Begin MonoManager ReloadAssembly
Registering precompiled unity dll's ...
Register platform support module: C:/Program Files/Unity/Editor/Data/PlaybackEngines/WindowsStandaloneSupport/UnityEditor.WindowsStandalone.Extensions.dll
Registered in 0.001901 seconds.
Native extension for WindowsStandalone target not found
Refreshing native plugins compatible for Editor in 36.85 ms, found 2 plugins.
Preloading 0 native plugins for Editor in 0.00 ms.
Mono: successfully reloaded assembly
- Completed reload, in  0.735 seconds
Domain Reload Profiling:
	ReloadAssembly (735ms)
		BeginReloadAssembly (45ms)
			ExecutionOrderSort (0ms)
			DisableScriptedObjects (0ms)
			BackupInstance (0ms)
			ReleaseScriptingObjects (0ms)
			CreateAndSetChildDomain (1ms)
		EndReloadAssembly (347ms)
			LoadAssemblies (43ms)
			RebuildTransferFunctionScriptingTraits (0ms)
			SetupTypeCache (123ms)
			ReleaseScriptCaches (0ms)
			RebuildScriptCaches (27ms)
			SetupLoadedEditorAssemblies (131ms)
				LogAssemblyErrors (0ms)
				InitializePlatformSupportModulesInManaged (3ms)
				SetLoadedEditorAssemblies (0ms)
				RefreshPlugins (37ms)
				BeforeProcessingInitializeOnLoad (5ms)
				ProcessInitializeOnLoadAttributes (63ms)
				ProcessInitializeOnLoadMethodAttributes (23ms)
				AfterProcessingInitializeOnLoad (0ms)
				EditorAssembliesLoaded (0ms)
			ExecutionOrderSort2 (0ms)
			AwakeInstancesAfterBackupRestoration (0ms)
Platform modules already initialized, skipping
Registering precompiled user dll's ...
Registered in 0.003582 seconds.
Begin MonoManager ReloadAssembly
Native extension for WindowsStandalone target not found
Refreshing native plugins compatible for Editor in 0.50 ms, found 2 plugins.
Preloading 0 native plugins for Editor in 0.00 ms.
Mono: successfully reloaded assembly
- Completed reload, in  1.087 seconds
Domain Reload Profiling:
	ReloadAssembly (1088ms)
		BeginReloadAssembly (129ms)
			ExecutionOrderSort (0ms)
			DisableScriptedObjects (4ms)
			BackupInstance (0ms)
			ReleaseScriptingObjects (0ms)
			CreateAndSetChildDomain (16ms)
		EndReloadAssembly (902ms)
			LoadAssemblies (74ms)
			RebuildTransferFunctionScriptingTraits (0ms)
			SetupTypeCache (222ms)
			ReleaseScriptCaches (0ms)
			RebuildScriptCaches (36ms)
			SetupLoadedEditorAssemblies (492ms)
				LogAssemblyErrors (0ms)
				InitializePlatformSupportModulesInManaged (4ms)
				SetLoadedEditorAssemblies (0ms)
				RefreshPlugins (1ms)
				BeforeProcessingInitializeOnLoad (47ms)
				ProcessInitializeOnLoadAttributes (430ms)
				ProcessInitializeOnLoadMethodAttributes (4ms)
				AfterProcessingInitializeOnLoad (7ms)
				EditorAssembliesLoaded (0ms)
			ExecutionOrderSort2 (0ms)
			AwakeInstancesAfterBackupRestoration (5ms)
Platform modules already initialized, skipping
========================================================================
Worker process is ready to serve import requests
Launched and connected shader compiler UnityShaderCompiler.exe after 0.05 seconds
Refreshing native plugins compatible for Editor in 0.48 ms, found 2 plugins.
Preloading 0 native plugins for Editor in 0.00 ms.
Unloading 1443 Unused Serialized files (Serialized files now loaded: 0)
System memory in use before: 74.6 MB.
System memory in use after: 74.7 MB.

Unloading 18 unused Assets to reduce memory usage. Loaded Objects now: 1899.
Total: 2.460700 ms (FindLiveObjects: 0.155900 ms CreateObjectMapping: 0.032700 ms MarkObjects: 2.193400 ms  DeleteObjects: 0.077600 ms)

AssetImportParameters requested are different than current active one (requested -> active):
  custom:framework-win-MediaFoundation: 216162199b28c13a410421893ffa2e32 -> 
  custom:video-decoder-ogg-theora: a1e56fd34408186e4bbccfd4996cb3dc -> 
  custom:container-muxer-webm: aa71ff27fc2769a1b78a27578f13a17b -> 
  custom:container-demuxer-webm: 4f35f7cbe854078d1ac9338744f61a02 -> 
  custom:container-demuxer-ogg: 62fdf1f143b41e24485cea50d1cbac27 -> 
  custom:video-encoder-webm-vp8: eb34c28f22e8b96e1ab97ce403110664 -> 
  custom:video-decoder-webm-vp8: 9c59270c3fd7afecdb556c50c9e8de78 -> 
  custom:audio-decoder-ogg-vorbis: bf7c407c2cedff20999df2af8eb42d56 -> 
  custom:audio-encoder-webm-vorbis: bf7c407c2cedff20999df2af8eb42d56 -> 
========================================================================
Received Import Request.
  path: Assets/Resources/Prefabs/Panel/CntPanel.prefab
  artifactKey: Guid(893d686119fa3be41855b2abf7735f00) Importer(815301076,1909f56bfc062723c751e8b465ee728b)
Start importing Assets/Resources/Prefabs/Panel/CntPanel.prefab using Guid(893d686119fa3be41855b2abf7735f00) Importer(815301076,1909f56bfc062723c751e8b465ee728b)  -> (artifact id: '7f71f473b97423f3c5d04c01e1b81490') in 0.055402 seconds 
  Import took 0.057968 seconds .

========================================================================
Received Import Request.
  Time since last request: 5.243301 seconds.
  path: Assets/Resources/Prefabs/Panel/CntPanel.prefab
  artifactKey: Guid(893d686119fa3be41855b2abf7735f00) Importer(815301076,1909f56bfc062723c751e8b465ee728b)
Start importing Assets/Resources/Prefabs/Panel/CntPanel.prefab using Guid(893d686119fa3be41855b2abf7735f00) Importer(815301076,1909f56bfc062723c751e8b465ee728b)  -> (artifact id: '7f6b493b883329f5ddb11e4b3a7a6531') in 0.006287 seconds 
  Import took 0.009178 seconds .

========================================================================
Received Import Request.
  Time since last request: 7.433857 seconds.
  path: Assets/Resources/Prefabs/Panel/CntPanel.prefab
  artifactKey: Guid(893d686119fa3be41855b2abf7735f00) Importer(815301076,1909f56bfc062723c751e8b465ee728b)
Start importing Assets/Resources/Prefabs/Panel/CntPanel.prefab using Guid(893d686119fa3be41855b2abf7735f00) Importer(815301076,1909f56bfc062723c751e8b465ee728b)  -> (artifact id: '177908956daea83dfa2dbaea7f765f3f') in 0.006546 seconds 
  Import took 0.008944 seconds .

========================================================================
Received Import Request.
  Time since last request: 0.627104 seconds.
  path: Assets/Resources/Prefabs/Panel/CntPanel.prefab
  artifactKey: Guid(893d686119fa3be41855b2abf7735f00) Importer(815301076,1909f56bfc062723c751e8b465ee728b)
Start importing Assets/Resources/Prefabs/Panel/CntPanel.prefab using Guid(893d686119fa3be41855b2abf7735f00) Importer(815301076,1909f56bfc062723c751e8b465ee728b)  -> (artifact id: 'a81bb8c875856d9ca8a6fbe8e8525f99') in 0.005115 seconds 
  Import took 0.007623 seconds .

========================================================================
Received Import Request.
  Time since last request: 64.946062 seconds.
  path: Assets/Resources/Prefabs/Panel/CntPanel.prefab
  artifactKey: Guid(893d686119fa3be41855b2abf7735f00) Importer(815301076,1909f56bfc062723c751e8b465ee728b)
Start importing Assets/Resources/Prefabs/Panel/CntPanel.prefab using Guid(893d686119fa3be41855b2abf7735f00) Importer(815301076,1909f56bfc062723c751e8b465ee728b)  -> (artifact id: 'bccdb05dc17ba5d3412482369a0c1eb0') in 0.004699 seconds 
  Import took 0.007261 seconds .

========================================================================
Received Import Request.
  Time since last request: 1.604732 seconds.
  path: Assets/Resources/Prefabs/Panel/CntPanel.prefab
  artifactKey: Guid(893d686119fa3be41855b2abf7735f00) Importer(815301076,1909f56bfc062723c751e8b465ee728b)
Start importing Assets/Resources/Prefabs/Panel/CntPanel.prefab using Guid(893d686119fa3be41855b2abf7735f00) Importer(815301076,1909f56bfc062723c751e8b465ee728b)  -> (artifact id: '2b08969489fc7e4496bf363016213173') in 0.004949 seconds 
  Import took 0.007611 seconds .

========================================================================
Received Import Request.
  Time since last request: 1.803799 seconds.
  path: Assets/Resources/Prefabs/Panel/CntPanel.prefab
  artifactKey: Guid(893d686119fa3be41855b2abf7735f00) Importer(815301076,1909f56bfc062723c751e8b465ee728b)
Start importing Assets/Resources/Prefabs/Panel/CntPanel.prefab using Guid(893d686119fa3be41855b2abf7735f00) Importer(815301076,1909f56bfc062723c751e8b465ee728b)  -> (artifact id: 'a47191339bf3b12f1de9195d156c2845') in 0.004859 seconds 
  Import took 0.007501 seconds .

========================================================================
Received Import Request.
  Time since last request: 0.399578 seconds.
  path: Assets/Resources/Prefabs/Panel/CntPanel.prefab
  artifactKey: Guid(893d686119fa3be41855b2abf7735f00) Importer(815301076,1909f56bfc062723c751e8b465ee728b)
Start importing Assets/Resources/Prefabs/Panel/CntPanel.prefab using Guid(893d686119fa3be41855b2abf7735f00) Importer(815301076,1909f56bfc062723c751e8b465ee728b)  -> (artifact id: '5da282efc3d9985b05ac3466d8ef20dc') in 0.004917 seconds 
  Import took 0.007306 seconds .

========================================================================
Received Import Request.
  Time since last request: 13.837908 seconds.
  path: Assets/Resources/Prefabs/Panel/CntPanel.prefab
  artifactKey: Guid(893d686119fa3be41855b2abf7735f00) Importer(815301076,1909f56bfc062723c751e8b465ee728b)
Start importing Assets/Resources/Prefabs/Panel/CntPanel.prefab using Guid(893d686119fa3be41855b2abf7735f00) Importer(815301076,1909f56bfc062723c751e8b465ee728b)  -> (artifact id: '139bb567492d14fb7f2a4ae7a35375f0') in 0.004464 seconds 
  Import took 0.006849 seconds .

========================================================================
Received Import Request.
  Time since last request: 2.052850 seconds.
  path: Assets/Resources/Prefabs/Panel/CntPanel.prefab
  artifactKey: Guid(893d686119fa3be41855b2abf7735f00) Importer(815301076,1909f56bfc062723c751e8b465ee728b)
Start importing Assets/Resources/Prefabs/Panel/CntPanel.prefab using Guid(893d686119fa3be41855b2abf7735f00) Importer(815301076,1909f56bfc062723c751e8b465ee728b)  -> (artifact id: '5d62a62b955f54cafffcdc827355e370') in 0.004590 seconds 
  Import took 0.006952 seconds .

========================================================================
Received Import Request.
  Time since last request: 2.083014 seconds.
  path: Assets/Resources/Prefabs/Panel/CntPanel.prefab
  artifactKey: Guid(893d686119fa3be41855b2abf7735f00) Importer(815301076,1909f56bfc062723c751e8b465ee728b)
Start importing Assets/Resources/Prefabs/Panel/CntPanel.prefab using Guid(893d686119fa3be41855b2abf7735f00) Importer(815301076,1909f56bfc062723c751e8b465ee728b)  -> (artifact id: '18d9cbb7d6626fe702f3517f12e1fcce') in 0.004583 seconds 
  Import took 0.006977 seconds .

========================================================================
Received Import Request.
  Time since last request: 8.283057 seconds.
  path: Assets/Resources/Prefabs/Panel/CntPanel.prefab
  artifactKey: Guid(893d686119fa3be41855b2abf7735f00) Importer(815301076,1909f56bfc062723c751e8b465ee728b)
Start importing Assets/Resources/Prefabs/Panel/CntPanel.prefab using Guid(893d686119fa3be41855b2abf7735f00) Importer(815301076,1909f56bfc062723c751e8b465ee728b)  -> (artifact id: '73030c227124877c485d8cee2c1df802') in 0.004815 seconds 
  Import took 0.007431 seconds .

========================================================================
Received Import Request.
  Time since last request: 2.017745 seconds.
  path: Assets/Resources/Prefabs/Panel/CntPanel.prefab
  artifactKey: Guid(893d686119fa3be41855b2abf7735f00) Importer(815301076,1909f56bfc062723c751e8b465ee728b)
Start importing Assets/Resources/Prefabs/Panel/CntPanel.prefab using Guid(893d686119fa3be41855b2abf7735f00) Importer(815301076,1909f56bfc062723c751e8b465ee728b)  -> (artifact id: '11f79771191f60e025f914acad01cc0f') in 0.004466 seconds 
  Import took 0.006808 seconds .

========================================================================
Received Import Request.
  Time since last request: 3.620671 seconds.
  path: Assets/Resources/Prefabs/Panel/CntPanel.prefab
  artifactKey: Guid(893d686119fa3be41855b2abf7735f00) Importer(815301076,1909f56bfc062723c751e8b465ee728b)
Start importing Assets/Resources/Prefabs/Panel/CntPanel.prefab using Guid(893d686119fa3be41855b2abf7735f00) Importer(815301076,1909f56bfc062723c751e8b465ee728b)  -> (artifact id: 'e4fa67bc3b17032d9e0f160828d0435a') in 0.004701 seconds 
  Import took 0.007117 seconds .

========================================================================
Received Import Request.
  Time since last request: 3.029485 seconds.
  path: Assets/Resources/Prefabs/Panel/CntPanel.prefab
  artifactKey: Guid(893d686119fa3be41855b2abf7735f00) Importer(815301076,1909f56bfc062723c751e8b465ee728b)
Start importing Assets/Resources/Prefabs/Panel/CntPanel.prefab using Guid(893d686119fa3be41855b2abf7735f00) Importer(815301076,1909f56bfc062723c751e8b465ee728b)  -> (artifact id: 'f56d6472d4f3972e06d564d2a298844f') in 0.004889 seconds 
  Import took 0.007283 seconds .

========================================================================
Received Import Request.
  Time since last request: 4.444723 seconds.
  path: Assets/Resources/Prefabs/Panel/CntPanel.prefab
  artifactKey: Guid(893d686119fa3be41855b2abf7735f00) Importer(815301076,1909f56bfc062723c751e8b465ee728b)
Start importing Assets/Resources/Prefabs/Panel/CntPanel.prefab using Guid(893d686119fa3be41855b2abf7735f00) Importer(815301076,1909f56bfc062723c751e8b465ee728b)  -> (artifact id: '9f8cc1cf9e22baa80614d2a2dd3439d2') in 0.005285 seconds 
  Import took 0.007787 seconds .

========================================================================
Received Import Request.
  Time since last request: 8.854497 seconds.
  path: Assets/Resources/Prefabs/Panel/CntPanel.prefab
  artifactKey: Guid(893d686119fa3be41855b2abf7735f00) Importer(815301076,1909f56bfc062723c751e8b465ee728b)
Start importing Assets/Resources/Prefabs/Panel/CntPanel.prefab using Guid(893d686119fa3be41855b2abf7735f00) Importer(815301076,1909f56bfc062723c751e8b465ee728b)  -> (artifact id: 'f066678591432741c75ae471760054ab') in 0.004940 seconds 
  Import took 0.007779 seconds .

========================================================================
Received Import Request.
  Time since last request: 2.598171 seconds.
  path: Assets/Resources/Prefabs/Panel/CntPanel.prefab
  artifactKey: Guid(893d686119fa3be41855b2abf7735f00) Importer(815301076,1909f56bfc062723c751e8b465ee728b)
Start importing Assets/Resources/Prefabs/Panel/CntPanel.prefab using Guid(893d686119fa3be41855b2abf7735f00) Importer(815301076,1909f56bfc062723c751e8b465ee728b)  -> (artifact id: '9d366772d438eadff6ba496011526364') in 0.004560 seconds 
  Import took 0.006962 seconds .

========================================================================
Received Import Request.
  Time since last request: 0.598769 seconds.
  path: Assets/Resources/Prefabs/Panel/CntPanel.prefab
  artifactKey: Guid(893d686119fa3be41855b2abf7735f00) Importer(815301076,1909f56bfc062723c751e8b465ee728b)
Start importing Assets/Resources/Prefabs/Panel/CntPanel.prefab using Guid(893d686119fa3be41855b2abf7735f00) Importer(815301076,1909f56bfc062723c751e8b465ee728b)  -> (artifact id: '0290414466672ab69b65e23938f7fedd') in 0.004614 seconds 
  Import took 0.007324 seconds .

========================================================================
Received Import Request.
  Time since last request: 5.240569 seconds.
  path: Assets/Resources/Prefabs/Panel/CntPanel.prefab
  artifactKey: Guid(893d686119fa3be41855b2abf7735f00) Importer(815301076,1909f56bfc062723c751e8b465ee728b)
Start importing Assets/Resources/Prefabs/Panel/CntPanel.prefab using Guid(893d686119fa3be41855b2abf7735f00) Importer(815301076,1909f56bfc062723c751e8b465ee728b)  -> (artifact id: '88d8385341879d48e4289cd5fb064eb9') in 0.004390 seconds 
  Import took 0.006773 seconds .

========================================================================
Received Import Request.
  Time since last request: 5.827251 seconds.
  path: Assets/Resources/Prefabs/Panel/CntPanel.prefab
  artifactKey: Guid(893d686119fa3be41855b2abf7735f00) Importer(815301076,1909f56bfc062723c751e8b465ee728b)
Start importing Assets/Resources/Prefabs/Panel/CntPanel.prefab using Guid(893d686119fa3be41855b2abf7735f00) Importer(815301076,1909f56bfc062723c751e8b465ee728b)  -> (artifact id: '04d2c37bca7ba1c4685158a08a038abe') in 0.004955 seconds 
  Import took 0.007569 seconds .

========================================================================
Received Import Request.
  Time since last request: 9.088406 seconds.
  path: Assets/Resources/Prefabs/Panel/CntPanel.prefab
  artifactKey: Guid(893d686119fa3be41855b2abf7735f00) Importer(815301076,1909f56bfc062723c751e8b465ee728b)
Start importing Assets/Resources/Prefabs/Panel/CntPanel.prefab using Guid(893d686119fa3be41855b2abf7735f00) Importer(815301076,1909f56bfc062723c751e8b465ee728b)  -> (artifact id: '6da6f27d2eedd4e76dcf004ae4661059') in 0.004478 seconds 
  Import took 0.006895 seconds .

========================================================================
Received Import Request.
  Time since last request: 13.520557 seconds.
  path: Assets/Resources/Prefabs/Panel/CntPanel.prefab
  artifactKey: Guid(893d686119fa3be41855b2abf7735f00) Importer(815301076,1909f56bfc062723c751e8b465ee728b)
Start importing Assets/Resources/Prefabs/Panel/CntPanel.prefab using Guid(893d686119fa3be41855b2abf7735f00) Importer(815301076,1909f56bfc062723c751e8b465ee728b)  -> (artifact id: 'cdceff694945279e3153d6467e806519') in 0.004504 seconds 
  Import took 0.007087 seconds .

========================================================================
Received Import Request.
  Time since last request: 4.029204 seconds.
  path: Assets/Resources/Prefabs/Panel/CntPanel.prefab
  artifactKey: Guid(893d686119fa3be41855b2abf7735f00) Importer(815301076,1909f56bfc062723c751e8b465ee728b)
Start importing Assets/Resources/Prefabs/Panel/CntPanel.prefab using Guid(893d686119fa3be41855b2abf7735f00) Importer(815301076,1909f56bfc062723c751e8b465ee728b)  -> (artifact id: 'f4981ef2b9f1ca5d2e991e0690d28046') in 0.005017 seconds 
  Import took 0.007505 seconds .

========================================================================
Received Import Request.
  Time since last request: 3.048043 seconds.
  path: Assets/Resources/Prefabs/Panel/CntPanel.prefab
  artifactKey: Guid(893d686119fa3be41855b2abf7735f00) Importer(815301076,1909f56bfc062723c751e8b465ee728b)
Start importing Assets/Resources/Prefabs/Panel/CntPanel.prefab using Guid(893d686119fa3be41855b2abf7735f00) Importer(815301076,1909f56bfc062723c751e8b465ee728b)  -> (artifact id: '488906141fae09cd41ff0f3213ed6eeb') in 0.004889 seconds 
  Import took 0.007494 seconds .

========================================================================
Received Import Request.
  Time since last request: 20.305637 seconds.
  path: Assets/Resources/Prefabs/Panel/CntPanel.prefab
  artifactKey: Guid(893d686119fa3be41855b2abf7735f00) Importer(815301076,1909f56bfc062723c751e8b465ee728b)
Start importing Assets/Resources/Prefabs/Panel/CntPanel.prefab using Guid(893d686119fa3be41855b2abf7735f00) Importer(815301076,1909f56bfc062723c751e8b465ee728b)  -> (artifact id: '6b6c2820782ee03e5ad4997404704baf') in 0.004643 seconds 
  Import took 0.007202 seconds .

========================================================================
Received Import Request.
  Time since last request: 13.408201 seconds.
  path: Assets/Resources/Prefabs/Panel/CntPanel.prefab
  artifactKey: Guid(893d686119fa3be41855b2abf7735f00) Importer(815301076,1909f56bfc062723c751e8b465ee728b)
Start importing Assets/Resources/Prefabs/Panel/CntPanel.prefab using Guid(893d686119fa3be41855b2abf7735f00) Importer(815301076,1909f56bfc062723c751e8b465ee728b)  -> (artifact id: '98d3481a7e212a76ffe20af50be7a034') in 0.006364 seconds 
  Import took 0.008838 seconds .

========================================================================
Received Import Request.
  Time since last request: 2.600343 seconds.
  path: Assets/Resources/Prefabs/Panel/CntPanel.prefab
  artifactKey: Guid(893d686119fa3be41855b2abf7735f00) Importer(815301076,1909f56bfc062723c751e8b465ee728b)
Start importing Assets/Resources/Prefabs/Panel/CntPanel.prefab using Guid(893d686119fa3be41855b2abf7735f00) Importer(815301076,1909f56bfc062723c751e8b465ee728b)  -> (artifact id: '93a849a6d6e0b937c099928b6811bc25') in 0.005494 seconds 
  Import took 0.008130 seconds .

========================================================================
Received Import Request.
  Time since last request: 1.399069 seconds.
  path: Assets/Resources/Prefabs/Panel/CntPanel.prefab
  artifactKey: Guid(893d686119fa3be41855b2abf7735f00) Importer(815301076,1909f56bfc062723c751e8b465ee728b)
Start importing Assets/Resources/Prefabs/Panel/CntPanel.prefab using Guid(893d686119fa3be41855b2abf7735f00) Importer(815301076,1909f56bfc062723c751e8b465ee728b)  -> (artifact id: '29bb2e2738db9023ffd970ea33ef7af1') in 0.005141 seconds 
  Import took 0.007761 seconds .

========================================================================
Received Import Request.
  Time since last request: 1.404809 seconds.
  path: Assets/Resources/Prefabs/Panel/CntPanel.prefab
  artifactKey: Guid(893d686119fa3be41855b2abf7735f00) Importer(815301076,1909f56bfc062723c751e8b465ee728b)
Start importing Assets/Resources/Prefabs/Panel/CntPanel.prefab using Guid(893d686119fa3be41855b2abf7735f00) Importer(815301076,1909f56bfc062723c751e8b465ee728b)  -> (artifact id: 'b324339eb9b816d410eb8e33d4146227') in 0.004869 seconds 
  Import took 0.007335 seconds .

========================================================================
Received Import Request.
  Time since last request: 1.607180 seconds.
  path: Assets/Resources/Prefabs/Panel/CntPanel.prefab
  artifactKey: Guid(893d686119fa3be41855b2abf7735f00) Importer(815301076,1909f56bfc062723c751e8b465ee728b)
Start importing Assets/Resources/Prefabs/Panel/CntPanel.prefab using Guid(893d686119fa3be41855b2abf7735f00) Importer(815301076,1909f56bfc062723c751e8b465ee728b)  -> (artifact id: '90775724ada966ca986b63ad4b6210fc') in 0.004785 seconds 
  Import took 0.007482 seconds .

========================================================================
Received Import Request.
  Time since last request: 2.107033 seconds.
  path: Assets/Resources/Prefabs/Panel/CntPanel.prefab
  artifactKey: Guid(893d686119fa3be41855b2abf7735f00) Importer(815301076,1909f56bfc062723c751e8b465ee728b)
Start importing Assets/Resources/Prefabs/Panel/CntPanel.prefab using Guid(893d686119fa3be41855b2abf7735f00) Importer(815301076,1909f56bfc062723c751e8b465ee728b)  -> (artifact id: '93aadd2a62f62096dd0e755b4e4fb0a6') in 0.004495 seconds 
  Import took 0.006999 seconds .

========================================================================
Received Import Request.
  Time since last request: 1.994877 seconds.
  path: Assets/Resources/Prefabs/Panel/CntPanel.prefab
  artifactKey: Guid(893d686119fa3be41855b2abf7735f00) Importer(815301076,1909f56bfc062723c751e8b465ee728b)
Start importing Assets/Resources/Prefabs/Panel/CntPanel.prefab using Guid(893d686119fa3be41855b2abf7735f00) Importer(815301076,1909f56bfc062723c751e8b465ee728b)  -> (artifact id: '36db37ea1e6b8ff36428fe1d3669846f') in 0.004884 seconds 
  Import took 0.007399 seconds .

========================================================================
Received Import Request.
  Time since last request: 2.618929 seconds.
  path: Assets/Resources/Prefabs/Panel/CntPanel.prefab
  artifactKey: Guid(893d686119fa3be41855b2abf7735f00) Importer(815301076,1909f56bfc062723c751e8b465ee728b)
Start importing Assets/Resources/Prefabs/Panel/CntPanel.prefab using Guid(893d686119fa3be41855b2abf7735f00) Importer(815301076,1909f56bfc062723c751e8b465ee728b)  -> (artifact id: '794bc399b9cd0fb1fc2425e210c09517') in 0.005432 seconds 
  Import took 0.008440 seconds .

========================================================================
Received Import Request.
  Time since last request: 3.417151 seconds.
  path: Assets/Resources/Prefabs/Panel/CntPanel.prefab
  artifactKey: Guid(893d686119fa3be41855b2abf7735f00) Importer(815301076,1909f56bfc062723c751e8b465ee728b)
Start importing Assets/Resources/Prefabs/Panel/CntPanel.prefab using Guid(893d686119fa3be41855b2abf7735f00) Importer(815301076,1909f56bfc062723c751e8b465ee728b)  -> (artifact id: '3d5f0aef30063c7b8225dcb3c05a8d22') in 0.004997 seconds 
  Import took 0.007561 seconds .

========================================================================
Received Import Request.
  Time since last request: 5.835834 seconds.
  path: Assets/Resources/Prefabs/Panel/CntPanel.prefab
  artifactKey: Guid(893d686119fa3be41855b2abf7735f00) Importer(815301076,1909f56bfc062723c751e8b465ee728b)
Start importing Assets/Resources/Prefabs/Panel/CntPanel.prefab using Guid(893d686119fa3be41855b2abf7735f00) Importer(815301076,1909f56bfc062723c751e8b465ee728b)  -> (artifact id: '28bb869914a2cf5b7f3d8bb8b078bfde') in 0.010890 seconds 
  Import took 0.013450 seconds .

========================================================================
Received Import Request.
  Time since last request: 1.611666 seconds.
  path: Assets/Resources/Prefabs/Panel/CntPanel.prefab
  artifactKey: Guid(893d686119fa3be41855b2abf7735f00) Importer(815301076,1909f56bfc062723c751e8b465ee728b)
Start importing Assets/Resources/Prefabs/Panel/CntPanel.prefab using Guid(893d686119fa3be41855b2abf7735f00) Importer(815301076,1909f56bfc062723c751e8b465ee728b)  -> (artifact id: '0d3e0e95822b040d3619c38f8ab35ce5') in 0.007988 seconds 
  Import took 0.010653 seconds .

========================================================================
Received Import Request.
  Time since last request: 4.270604 seconds.
  path: Assets/Resources/Prefabs/Panel/CntPanel.prefab
  artifactKey: Guid(893d686119fa3be41855b2abf7735f00) Importer(815301076,1909f56bfc062723c751e8b465ee728b)
Start importing Assets/Resources/Prefabs/Panel/CntPanel.prefab using Guid(893d686119fa3be41855b2abf7735f00) Importer(815301076,1909f56bfc062723c751e8b465ee728b)  -> (artifact id: '1c80f1534295d723cddd65a24ebc1880') in 0.005975 seconds 
  Import took 0.008579 seconds .

========================================================================
Received Import Request.
  Time since last request: 0.993264 seconds.
  path: Assets/Resources/Prefabs/Panel/CntPanel.prefab
  artifactKey: Guid(893d686119fa3be41855b2abf7735f00) Importer(815301076,1909f56bfc062723c751e8b465ee728b)
Start importing Assets/Resources/Prefabs/Panel/CntPanel.prefab using Guid(893d686119fa3be41855b2abf7735f00) Importer(815301076,1909f56bfc062723c751e8b465ee728b)  -> (artifact id: 'fe8ab6d36b3882274019f53a4c987676') in 0.005157 seconds 
  Import took 0.007674 seconds .

========================================================================
Received Import Request.
  Time since last request: 0.596606 seconds.
  path: Assets/Resources/Prefabs/Panel/CntPanel.prefab
  artifactKey: Guid(893d686119fa3be41855b2abf7735f00) Importer(815301076,1909f56bfc062723c751e8b465ee728b)
Start importing Assets/Resources/Prefabs/Panel/CntPanel.prefab using Guid(893d686119fa3be41855b2abf7735f00) Importer(815301076,1909f56bfc062723c751e8b465ee728b)  -> (artifact id: '90ea7ee52a0aee66afe36c21a663afe7') in 0.004974 seconds 
  Import took 0.007373 seconds .

========================================================================
Received Import Request.
  Time since last request: 5.733331 seconds.
  path: Assets/Resources/Prefabs/Panel/CntPanel.prefab
  artifactKey: Guid(893d686119fa3be41855b2abf7735f00) Importer(815301076,1909f56bfc062723c751e8b465ee728b)
Start importing Assets/Resources/Prefabs/Panel/CntPanel.prefab using Guid(893d686119fa3be41855b2abf7735f00) Importer(815301076,1909f56bfc062723c751e8b465ee728b)  -> (artifact id: '653bc18e993cd283e9483a14a840f558') in 0.004965 seconds 
  Import took 0.007832 seconds .

========================================================================
Received Import Request.
  Time since last request: 4.230743 seconds.
  path: Assets/Resources/Prefabs/Panel/CntPanel.prefab
  artifactKey: Guid(893d686119fa3be41855b2abf7735f00) Importer(815301076,1909f56bfc062723c751e8b465ee728b)
Start importing Assets/Resources/Prefabs/Panel/CntPanel.prefab using Guid(893d686119fa3be41855b2abf7735f00) Importer(815301076,1909f56bfc062723c751e8b465ee728b)  -> (artifact id: '1f4d655d173b63312ab7ba8525854bbf') in 0.004498 seconds 
  Import took 0.007317 seconds .

========================================================================
Received Import Request.
  Time since last request: 11.712895 seconds.
  path: Assets/Resources/Prefabs/Panel/CntPanel.prefab
  artifactKey: Guid(893d686119fa3be41855b2abf7735f00) Importer(815301076,1909f56bfc062723c751e8b465ee728b)
Start importing Assets/Resources/Prefabs/Panel/CntPanel.prefab using Guid(893d686119fa3be41855b2abf7735f00) Importer(815301076,1909f56bfc062723c751e8b465ee728b)  -> (artifact id: '8652ca12770c9c415d31ab9fa7486409') in 0.004883 seconds 
  Import took 0.007275 seconds .

========================================================================
Received Import Request.
  Time since last request: 1.614354 seconds.
  path: Assets/Resources/Prefabs/Panel/CntPanel.prefab
  artifactKey: Guid(893d686119fa3be41855b2abf7735f00) Importer(815301076,1909f56bfc062723c751e8b465ee728b)
Start importing Assets/Resources/Prefabs/Panel/CntPanel.prefab using Guid(893d686119fa3be41855b2abf7735f00) Importer(815301076,1909f56bfc062723c751e8b465ee728b)  -> (artifact id: '264b029f5062164a7c44816c269990dd') in 0.004625 seconds 
  Import took 0.007174 seconds .

========================================================================
Received Prepare
Registering precompiled user dll's ...
Registered in 0.004056 seconds.
Begin MonoManager ReloadAssembly
Native extension for WindowsStandalone target not found
Refreshing native plugins compatible for Editor in 0.47 ms, found 2 plugins.
Preloading 0 native plugins for Editor in 0.00 ms.
Mono: successfully reloaded assembly
- Completed reload, in  1.049 seconds
Domain Reload Profiling:
	ReloadAssembly (1050ms)
		BeginReloadAssembly (94ms)
			ExecutionOrderSort (0ms)
			DisableScriptedObjects (4ms)
			BackupInstance (0ms)
			ReleaseScriptingObjects (0ms)
			CreateAndSetChildDomain (28ms)
		EndReloadAssembly (897ms)
			LoadAssemblies (74ms)
			RebuildTransferFunctionScriptingTraits (0ms)
			SetupTypeCache (234ms)
			ReleaseScriptCaches (1ms)
			RebuildScriptCaches (31ms)
			SetupLoadedEditorAssemblies (477ms)
				LogAssemblyErrors (0ms)
				InitializePlatformSupportModulesInManaged (4ms)
				SetLoadedEditorAssemblies (0ms)
				RefreshPlugins (1ms)
				BeforeProcessingInitializeOnLoad (41ms)
				ProcessInitializeOnLoadAttributes (421ms)
				ProcessInitializeOnLoadMethodAttributes (3ms)
				AfterProcessingInitializeOnLoad (6ms)
				EditorAssembliesLoaded (0ms)
			ExecutionOrderSort2 (0ms)
			AwakeInstancesAfterBackupRestoration (5ms)
Platform modules already initialized, skipping
Refreshing native plugins compatible for Editor in 0.49 ms, found 2 plugins.
Preloading 0 native plugins for Editor in 0.00 ms.
Unloading 1435 Unused Serialized files (Serialized files now loaded: 0)
System memory in use before: 74.4 MB.
System memory in use after: 74.5 MB.

Unloading 15 unused Assets to reduce memory usage. Loaded Objects now: 1904.
Total: 2.370600 ms (FindLiveObjects: 0.146900 ms CreateObjectMapping: 0.031300 ms MarkObjects: 2.171200 ms  DeleteObjects: 0.020300 ms)

AssetImportParameters requested are different than current active one (requested -> active):
  custom:framework-win-MediaFoundation: 216162199b28c13a410421893ffa2e32 -> 
  custom:video-decoder-ogg-theora: a1e56fd34408186e4bbccfd4996cb3dc -> 
  custom:container-muxer-webm: aa71ff27fc2769a1b78a27578f13a17b -> 
  custom:container-demuxer-webm: 4f35f7cbe854078d1ac9338744f61a02 -> 
  custom:container-demuxer-ogg: 62fdf1f143b41e24485cea50d1cbac27 -> 
  custom:video-encoder-webm-vp8: eb34c28f22e8b96e1ab97ce403110664 -> 
  custom:video-decoder-webm-vp8: 9c59270c3fd7afecdb556c50c9e8de78 -> 
  custom:audio-decoder-ogg-vorbis: bf7c407c2cedff20999df2af8eb42d56 -> 
  custom:audio-encoder-webm-vorbis: bf7c407c2cedff20999df2af8eb42d56 -> 
========================================================================
Received Import Request.
  Time since last request: 42.442293 seconds.
  path: Assets/Resources/Prefabs/Panel/CntPanel.prefab
  artifactKey: Guid(893d686119fa3be41855b2abf7735f00) Importer(815301076,1909f56bfc062723c751e8b465ee728b)
Start importing Assets/Resources/Prefabs/Panel/CntPanel.prefab using Guid(893d686119fa3be41855b2abf7735f00) Importer(815301076,1909f56bfc062723c751e8b465ee728b)  -> (artifact id: '0afbc16da5fcfff2c0a1a09eaca46aa4') in 0.053070 seconds 
  Import took 0.055627 seconds .

========================================================================
Received Import Request.
  Time since last request: 0.311294 seconds.
  path: Assets/Resources/Prefabs/Panel/CntPanel.prefab
  artifactKey: Guid(893d686119fa3be41855b2abf7735f00) Importer(815301076,1909f56bfc062723c751e8b465ee728b)
Start importing Assets/Resources/Prefabs/Panel/CntPanel.prefab using Guid(893d686119fa3be41855b2abf7735f00) Importer(815301076,1909f56bfc062723c751e8b465ee728b)  -> (artifact id: '09a26cc727b376b0bd44a77609ac1cef') in 0.005052 seconds 
  Import took 0.007666 seconds .

========================================================================
Received Import Request.
  Time since last request: 1.811899 seconds.
  path: Assets/Resources/Prefabs/Panel/CntPanel.prefab
  artifactKey: Guid(893d686119fa3be41855b2abf7735f00) Importer(815301076,1909f56bfc062723c751e8b465ee728b)
Start importing Assets/Resources/Prefabs/Panel/CntPanel.prefab using Guid(893d686119fa3be41855b2abf7735f00) Importer(815301076,1909f56bfc062723c751e8b465ee728b)  -> (artifact id: '608d1d2d7356b2317d78ff00fe7caf6b') in 0.004969 seconds 
  Import took 0.007686 seconds .

========================================================================
Received Import Request.
  Time since last request: 1.656773 seconds.
  path: Assets/Resources/Prefabs/Panel/CntPanel.prefab
  artifactKey: Guid(893d686119fa3be41855b2abf7735f00) Importer(815301076,1909f56bfc062723c751e8b465ee728b)
Start importing Assets/Resources/Prefabs/Panel/CntPanel.prefab using Guid(893d686119fa3be41855b2abf7735f00) Importer(815301076,1909f56bfc062723c751e8b465ee728b)  -> (artifact id: '3e8be60b78d66a0482deee0485a3f61e') in 0.004876 seconds 
  Import took 0.007397 seconds .

========================================================================
Received Import Request.
  Time since last request: 6.226186 seconds.
  path: Assets/Resources/Prefabs/Panel/CntPanel.prefab
  artifactKey: Guid(893d686119fa3be41855b2abf7735f00) Importer(815301076,1909f56bfc062723c751e8b465ee728b)
Start importing Assets/Resources/Prefabs/Panel/CntPanel.prefab using Guid(893d686119fa3be41855b2abf7735f00) Importer(815301076,1909f56bfc062723c751e8b465ee728b)  -> (artifact id: '7cb8e129517924a35b0c3acb6e120f47') in 0.005485 seconds 
  Import took 0.008327 seconds .

========================================================================
Received Import Request.
  Time since last request: 4.229711 seconds.
  path: Assets/Resources/Prefabs/Panel/CntPanel.prefab
  artifactKey: Guid(893d686119fa3be41855b2abf7735f00) Importer(815301076,1909f56bfc062723c751e8b465ee728b)
Start importing Assets/Resources/Prefabs/Panel/CntPanel.prefab using Guid(893d686119fa3be41855b2abf7735f00) Importer(815301076,1909f56bfc062723c751e8b465ee728b)  -> (artifact id: 'c8b736e5252720593edfbed04432d54a') in 0.004948 seconds 
  Import took 0.007388 seconds .

========================================================================
Received Import Request.
  Time since last request: 3.420437 seconds.
  path: Assets/Resources/Prefabs/Panel/CntPanel.prefab
  artifactKey: Guid(893d686119fa3be41855b2abf7735f00) Importer(815301076,1909f56bfc062723c751e8b465ee728b)
Start importing Assets/Resources/Prefabs/Panel/CntPanel.prefab using Guid(893d686119fa3be41855b2abf7735f00) Importer(815301076,1909f56bfc062723c751e8b465ee728b)  -> (artifact id: 'ba7d5057081ea24550e0a243e4a2be49') in 0.005023 seconds 
  Import took 0.007530 seconds .

========================================================================
Received Import Request.
  Time since last request: 5.622517 seconds.
  path: Assets/Resources/Prefabs/Panel/CntPanel.prefab
  artifactKey: Guid(893d686119fa3be41855b2abf7735f00) Importer(815301076,1909f56bfc062723c751e8b465ee728b)
Start importing Assets/Resources/Prefabs/Panel/CntPanel.prefab using Guid(893d686119fa3be41855b2abf7735f00) Importer(815301076,1909f56bfc062723c751e8b465ee728b)  -> (artifact id: '546b4bb4e6e495c565e704eea2847ca8') in 0.004865 seconds 
  Import took 0.007495 seconds .

========================================================================
Received Import Request.
  Time since last request: 5.233161 seconds.
  path: Assets/Resources/Prefabs/Panel/CntPanel.prefab
  artifactKey: Guid(893d686119fa3be41855b2abf7735f00) Importer(815301076,1909f56bfc062723c751e8b465ee728b)
Start importing Assets/Resources/Prefabs/Panel/CntPanel.prefab using Guid(893d686119fa3be41855b2abf7735f00) Importer(815301076,1909f56bfc062723c751e8b465ee728b)  -> (artifact id: '8af67ed0ab6c23c434eecdc576373ae5') in 0.005770 seconds 
  Import took 0.008295 seconds .

========================================================================
Received Import Request.
  Time since last request: 5.428063 seconds.
  path: Assets/Resources/Prefabs/Panel/CntPanel.prefab
  artifactKey: Guid(893d686119fa3be41855b2abf7735f00) Importer(815301076,1909f56bfc062723c751e8b465ee728b)
Start importing Assets/Resources/Prefabs/Panel/CntPanel.prefab using Guid(893d686119fa3be41855b2abf7735f00) Importer(815301076,1909f56bfc062723c751e8b465ee728b)  -> (artifact id: 'eab3d661345019a3060b22ed2d5f4b79') in 0.004944 seconds 
  Import took 0.007296 seconds .

========================================================================
Received Import Request.
  Time since last request: 3.661154 seconds.
  path: Assets/Resources/Prefabs/Panel/CntPanel.prefab
  artifactKey: Guid(893d686119fa3be41855b2abf7735f00) Importer(815301076,1909f56bfc062723c751e8b465ee728b)
Start importing Assets/Resources/Prefabs/Panel/CntPanel.prefab using Guid(893d686119fa3be41855b2abf7735f00) Importer(815301076,1909f56bfc062723c751e8b465ee728b)  -> (artifact id: 'f067f2a9fd86fa6c901b315faba5d2f2') in 0.005044 seconds 
  Import took 0.007464 seconds .

========================================================================
Received Import Request.
  Time since last request: 10.264421 seconds.
  path: Assets/Resources/Prefabs/Panel/CntPanel.prefab
  artifactKey: Guid(893d686119fa3be41855b2abf7735f00) Importer(815301076,1909f56bfc062723c751e8b465ee728b)
Start importing Assets/Resources/Prefabs/Panel/CntPanel.prefab using Guid(893d686119fa3be41855b2abf7735f00) Importer(815301076,1909f56bfc062723c751e8b465ee728b)  -> (artifact id: '934637aaa41bd95f107e30ae9d388022') in 0.004825 seconds 
  Import took 0.007597 seconds .

========================================================================
Received Prepare
Registering precompiled user dll's ...
Registered in 0.003834 seconds.
Begin MonoManager ReloadAssembly
Native extension for WindowsStandalone target not found
Refreshing native plugins compatible for Editor in 0.50 ms, found 2 plugins.
Preloading 0 native plugins for Editor in 0.00 ms.
Mono: successfully reloaded assembly
- Completed reload, in  1.040 seconds
Domain Reload Profiling:
	ReloadAssembly (1041ms)
		BeginReloadAssembly (94ms)
			ExecutionOrderSort (0ms)
			DisableScriptedObjects (3ms)
			BackupInstance (0ms)
			ReleaseScriptingObjects (0ms)
			CreateAndSetChildDomain (30ms)
		EndReloadAssembly (888ms)
			LoadAssemblies (72ms)
			RebuildTransferFunctionScriptingTraits (0ms)
			SetupTypeCache (230ms)
			ReleaseScriptCaches (1ms)
			RebuildScriptCaches (31ms)
			SetupLoadedEditorAssemblies (472ms)
				LogAssemblyErrors (0ms)
				InitializePlatformSupportModulesInManaged (4ms)
				SetLoadedEditorAssemblies (0ms)
				RefreshPlugins (1ms)
				BeforeProcessingInitializeOnLoad (40ms)
				ProcessInitializeOnLoadAttributes (416ms)
				ProcessInitializeOnLoadMethodAttributes (3ms)
				AfterProcessingInitializeOnLoad (7ms)
				EditorAssembliesLoaded (0ms)
			ExecutionOrderSort2 (0ms)
			AwakeInstancesAfterBackupRestoration (6ms)
Platform modules already initialized, skipping
Refreshing native plugins compatible for Editor in 0.54 ms, found 2 plugins.
Preloading 0 native plugins for Editor in 0.00 ms.
Unloading 1435 Unused Serialized files (Serialized files now loaded: 0)
System memory in use before: 74.4 MB.
System memory in use after: 74.5 MB.

Unloading 14 unused Assets to reduce memory usage. Loaded Objects now: 1907.
Total: 3.290100 ms (FindLiveObjects: 0.160400 ms CreateObjectMapping: 0.032400 ms MarkObjects: 3.069900 ms  DeleteObjects: 0.026000 ms)

AssetImportParameters requested are different than current active one (requested -> active):
  custom:framework-win-MediaFoundation: 216162199b28c13a410421893ffa2e32 -> 
  custom:video-decoder-ogg-theora: a1e56fd34408186e4bbccfd4996cb3dc -> 
  custom:container-muxer-webm: aa71ff27fc2769a1b78a27578f13a17b -> 
  custom:container-demuxer-webm: 4f35f7cbe854078d1ac9338744f61a02 -> 
  custom:container-demuxer-ogg: 62fdf1f143b41e24485cea50d1cbac27 -> 
  custom:video-encoder-webm-vp8: eb34c28f22e8b96e1ab97ce403110664 -> 
  custom:video-decoder-webm-vp8: 9c59270c3fd7afecdb556c50c9e8de78 -> 
  custom:audio-decoder-ogg-vorbis: bf7c407c2cedff20999df2af8eb42d56 -> 
  custom:audio-encoder-webm-vorbis: bf7c407c2cedff20999df2af8eb42d56 -> 
========================================================================
Received Import Request.
  Time since last request: 22.549000 seconds.
  path: Assets/Resources/Prefabs/Panel/CntPanel.prefab
  artifactKey: Guid(893d686119fa3be41855b2abf7735f00) Importer(815301076,1909f56bfc062723c751e8b465ee728b)
Start importing Assets/Resources/Prefabs/Panel/CntPanel.prefab using Guid(893d686119fa3be41855b2abf7735f00) Importer(815301076,1909f56bfc062723c751e8b465ee728b)  -> (artifact id: '113d8e28161f3fcb00696e50d9958f10') in 0.055776 seconds 
  Import took 0.058266 seconds .

========================================================================
Received Import Request.
  Time since last request: 3.099902 seconds.
  path: Assets/Resources/Prefabs/Panel/CntPanel.prefab
  artifactKey: Guid(893d686119fa3be41855b2abf7735f00) Importer(815301076,1909f56bfc062723c751e8b465ee728b)
Start importing Assets/Resources/Prefabs/Panel/CntPanel.prefab using Guid(893d686119fa3be41855b2abf7735f00) Importer(815301076,1909f56bfc062723c751e8b465ee728b)  -> (artifact id: 'c25b482ebc88bdebd9ffca1e71c3fbcc') in 0.005139 seconds 
  Import took 0.007652 seconds .

========================================================================
Received Prepare
Registering precompiled user dll's ...
Registered in 0.003687 seconds.
Begin MonoManager ReloadAssembly
Native extension for WindowsStandalone target not found
Refreshing native plugins compatible for Editor in 0.48 ms, found 2 plugins.
Preloading 0 native plugins for Editor in 0.00 ms.
Mono: successfully reloaded assembly
- Completed reload, in  1.054 seconds
Domain Reload Profiling:
	ReloadAssembly (1055ms)
		BeginReloadAssembly (94ms)
			ExecutionOrderSort (0ms)
			DisableScriptedObjects (3ms)
			BackupInstance (0ms)
			ReleaseScriptingObjects (0ms)
			CreateAndSetChildDomain (29ms)
		EndReloadAssembly (899ms)
			LoadAssemblies (76ms)
			RebuildTransferFunctionScriptingTraits (0ms)
			SetupTypeCache (221ms)
			ReleaseScriptCaches (1ms)
			RebuildScriptCaches (34ms)
			SetupLoadedEditorAssemblies (480ms)
				LogAssemblyErrors (0ms)
				InitializePlatformSupportModulesInManaged (4ms)
				SetLoadedEditorAssemblies (0ms)
				RefreshPlugins (1ms)
				BeforeProcessingInitializeOnLoad (44ms)
				ProcessInitializeOnLoadAttributes (421ms)
				ProcessInitializeOnLoadMethodAttributes (3ms)
				AfterProcessingInitializeOnLoad (6ms)
				EditorAssembliesLoaded (0ms)
			ExecutionOrderSort2 (0ms)
			AwakeInstancesAfterBackupRestoration (5ms)
Platform modules already initialized, skipping
Refreshing native plugins compatible for Editor in 0.47 ms, found 2 plugins.
Preloading 0 native plugins for Editor in 0.00 ms.
Unloading 1435 Unused Serialized files (Serialized files now loaded: 0)
System memory in use before: 74.4 MB.
System memory in use after: 74.6 MB.

Unloading 14 unused Assets to reduce memory usage. Loaded Objects now: 1910.
Total: 2.475700 ms (FindLiveObjects: 0.155000 ms CreateObjectMapping: 0.037600 ms MarkObjects: 2.261800 ms  DeleteObjects: 0.020400 ms)

AssetImportParameters requested are different than current active one (requested -> active):
  custom:framework-win-MediaFoundation: 216162199b28c13a410421893ffa2e32 -> 
  custom:video-decoder-ogg-theora: a1e56fd34408186e4bbccfd4996cb3dc -> 
  custom:container-muxer-webm: aa71ff27fc2769a1b78a27578f13a17b -> 
  custom:container-demuxer-webm: 4f35f7cbe854078d1ac9338744f61a02 -> 
  custom:container-demuxer-ogg: 62fdf1f143b41e24485cea50d1cbac27 -> 
  custom:video-encoder-webm-vp8: eb34c28f22e8b96e1ab97ce403110664 -> 
  custom:video-decoder-webm-vp8: 9c59270c3fd7afecdb556c50c9e8de78 -> 
  custom:audio-decoder-ogg-vorbis: bf7c407c2cedff20999df2af8eb42d56 -> 
  custom:audio-encoder-webm-vorbis: bf7c407c2cedff20999df2af8eb42d56 -> 
========================================================================
Received Prepare
Registering precompiled user dll's ...
Registered in 0.003686 seconds.
Begin MonoManager ReloadAssembly
Native extension for WindowsStandalone target not found
Refreshing native plugins compatible for Editor in 0.47 ms, found 2 plugins.
Preloading 0 native plugins for Editor in 0.00 ms.
Mono: successfully reloaded assembly
- Completed reload, in  1.022 seconds
Domain Reload Profiling:
	ReloadAssembly (1022ms)
		BeginReloadAssembly (90ms)
			ExecutionOrderSort (0ms)
			DisableScriptedObjects (4ms)
			BackupInstance (0ms)
			ReleaseScriptingObjects (0ms)
			CreateAndSetChildDomain (28ms)
		EndReloadAssembly (875ms)
			LoadAssemblies (70ms)
			RebuildTransferFunctionScriptingTraits (0ms)
			SetupTypeCache (221ms)
			ReleaseScriptCaches (1ms)
			RebuildScriptCaches (34ms)
			SetupLoadedEditorAssemblies (467ms)
				LogAssemblyErrors (0ms)
				InitializePlatformSupportModulesInManaged (4ms)
				SetLoadedEditorAssemblies (0ms)
				RefreshPlugins (1ms)
				BeforeProcessingInitializeOnLoad (42ms)
				ProcessInitializeOnLoadAttributes (409ms)
				ProcessInitializeOnLoadMethodAttributes (3ms)
				AfterProcessingInitializeOnLoad (7ms)
				EditorAssembliesLoaded (0ms)
			ExecutionOrderSort2 (0ms)
			AwakeInstancesAfterBackupRestoration (6ms)
Platform modules already initialized, skipping
Refreshing native plugins compatible for Editor in 0.48 ms, found 2 plugins.
Preloading 0 native plugins for Editor in 0.00 ms.
Unloading 1435 Unused Serialized files (Serialized files now loaded: 0)
System memory in use before: 74.5 MB.
System memory in use after: 74.6 MB.

Unloading 13 unused Assets to reduce memory usage. Loaded Objects now: 1913.
Total: 2.406800 ms (FindLiveObjects: 0.140500 ms CreateObjectMapping: 0.032000 ms MarkObjects: 2.219600 ms  DeleteObjects: 0.014000 ms)

AssetImportParameters requested are different than current active one (requested -> active):
  custom:framework-win-MediaFoundation: 216162199b28c13a410421893ffa2e32 -> 
  custom:video-decoder-ogg-theora: a1e56fd34408186e4bbccfd4996cb3dc -> 
  custom:container-muxer-webm: aa71ff27fc2769a1b78a27578f13a17b -> 
  custom:container-demuxer-webm: 4f35f7cbe854078d1ac9338744f61a02 -> 
  custom:container-demuxer-ogg: 62fdf1f143b41e24485cea50d1cbac27 -> 
  custom:video-encoder-webm-vp8: eb34c28f22e8b96e1ab97ce403110664 -> 
  custom:video-decoder-webm-vp8: 9c59270c3fd7afecdb556c50c9e8de78 -> 
  custom:audio-decoder-ogg-vorbis: bf7c407c2cedff20999df2af8eb42d56 -> 
  custom:audio-encoder-webm-vorbis: bf7c407c2cedff20999df2af8eb42d56 -> 
========================================================================
Received Import Request.
  Time since last request: 43.841087 seconds.
  path: Assets/Scripts/UI/QnA/CntP.cs
  artifactKey: Guid(a9a887e2efcf67d43bd70ce1368b7aae) Importer(815301076,1909f56bfc062723c751e8b465ee728b)
Start importing Assets/Scripts/UI/QnA/CntP.cs using Guid(a9a887e2efcf67d43bd70ce1368b7aae) Importer(815301076,1909f56bfc062723c751e8b465ee728b)  -> (artifact id: '1457b9ac2bfce0ee7a4cdf4d7f975e4e') in 0.008637 seconds 
  Import took 0.011133 seconds .

========================================================================
Received Import Request.
  Time since last request: 0.520031 seconds.
  path: Assets/Scripts/UI/QnA/CntP.cs
  artifactKey: Guid(a9a887e2efcf67d43bd70ce1368b7aae) Importer(815301076,1909f56bfc062723c751e8b465ee728b)
Start importing Assets/Scripts/UI/QnA/CntP.cs using Guid(a9a887e2efcf67d43bd70ce1368b7aae) Importer(815301076,1909f56bfc062723c751e8b465ee728b)  -> (artifact id: '1457b9ac2bfce0ee7a4cdf4d7f975e4e') in 0.002051 seconds 
  Import took 0.004379 seconds .

========================================================================
Received Import Request.
  Time since last request: 18.669713 seconds.
  path: Assets/Scenes/StoveFail.unity
  artifactKey: Guid(fdd918cda5ca4d343a33b7436f5bd29f) Importer(815301076,1909f56bfc062723c751e8b465ee728b)
Start importing Assets/Scenes/StoveFail.unity using Guid(fdd918cda5ca4d343a33b7436f5bd29f) Importer(815301076,1909f56bfc062723c751e8b465ee728b)  -> (artifact id: '63b629f18865c5cb3cae4e23a3309abc') in 0.042688 seconds 
  Import took 0.045055 seconds .

========================================================================
Received Prepare
Registering precompiled user dll's ...
Registered in 0.003386 seconds.
Begin MonoManager ReloadAssembly
Native extension for WindowsStandalone target not found
Refreshing native plugins compatible for Editor in 0.49 ms, found 2 plugins.
Preloading 0 native plugins for Editor in 0.00 ms.
Mono: successfully reloaded assembly
- Completed reload, in  0.995 seconds
Domain Reload Profiling:
	ReloadAssembly (996ms)
		BeginReloadAssembly (94ms)
			ExecutionOrderSort (0ms)
			DisableScriptedObjects (4ms)
			BackupInstance (0ms)
			ReleaseScriptingObjects (0ms)
			CreateAndSetChildDomain (31ms)
		EndReloadAssembly (845ms)
			LoadAssemblies (71ms)
			RebuildTransferFunctionScriptingTraits (0ms)
			SetupTypeCache (212ms)
			ReleaseScriptCaches (1ms)
			RebuildScriptCaches (34ms)
			SetupLoadedEditorAssemblies (444ms)
				LogAssemblyErrors (0ms)
				InitializePlatformSupportModulesInManaged (4ms)
				SetLoadedEditorAssemblies (0ms)
				RefreshPlugins (1ms)
				BeforeProcessingInitializeOnLoad (40ms)
				ProcessInitializeOnLoadAttributes (390ms)
				ProcessInitializeOnLoadMethodAttributes (3ms)
				AfterProcessingInitializeOnLoad (6ms)
				EditorAssembliesLoaded (0ms)
			ExecutionOrderSort2 (0ms)
			AwakeInstancesAfterBackupRestoration (5ms)
Platform modules already initialized, skipping
Refreshing native plugins compatible for Editor in 0.47 ms, found 2 plugins.
Preloading 0 native plugins for Editor in 0.00 ms.
Unloading 1435 Unused Serialized files (Serialized files now loaded: 0)
System memory in use before: 74.5 MB.
System memory in use after: 74.6 MB.

Unloading 13 unused Assets to reduce memory usage. Loaded Objects now: 1916.
Total: 2.452600 ms (FindLiveObjects: 0.142400 ms CreateObjectMapping: 0.031600 ms MarkObjects: 2.263200 ms  DeleteObjects: 0.014600 ms)

AssetImportParameters requested are different than current active one (requested -> active):
  custom:framework-win-MediaFoundation: 216162199b28c13a410421893ffa2e32 -> 
  custom:video-decoder-ogg-theora: a1e56fd34408186e4bbccfd4996cb3dc -> 
  custom:container-muxer-webm: aa71ff27fc2769a1b78a27578f13a17b -> 
  custom:container-demuxer-webm: 4f35f7cbe854078d1ac9338744f61a02 -> 
  custom:container-demuxer-ogg: 62fdf1f143b41e24485cea50d1cbac27 -> 
  custom:video-encoder-webm-vp8: eb34c28f22e8b96e1ab97ce403110664 -> 
  custom:video-decoder-webm-vp8: 9c59270c3fd7afecdb556c50c9e8de78 -> 
  custom:audio-decoder-ogg-vorbis: bf7c407c2cedff20999df2af8eb42d56 -> 
  custom:audio-encoder-webm-vorbis: bf7c407c2cedff20999df2af8eb42d56 -> 
========================================================================
Received Import Request.
  Time since last request: 542.784644 seconds.
  path: Assets/Scripts/UI/Concrete/ExitPanel.cs
  artifactKey: Guid(a0a866f502b3f0e4f8a52bb147b60c69) Importer(815301076,1909f56bfc062723c751e8b465ee728b)
Start importing Assets/Scripts/UI/Concrete/ExitPanel.cs using Guid(a0a866f502b3f0e4f8a52bb147b60c69) Importer(815301076,1909f56bfc062723c751e8b465ee728b)  -> (artifact id: '059f190f1790fa9616e756555f9cfd95') in 0.008803 seconds 
  Import took 0.011510 seconds .

========================================================================
Received Prepare
Registering precompiled user dll's ...
Registered in 0.003602 seconds.
Begin MonoManager ReloadAssembly
Native extension for WindowsStandalone target not found
Refreshing native plugins compatible for Editor in 0.47 ms, found 2 plugins.
Preloading 0 native plugins for Editor in 0.00 ms.
Mono: successfully reloaded assembly
- Completed reload, in  0.976 seconds
Domain Reload Profiling:
	ReloadAssembly (976ms)
		BeginReloadAssembly (88ms)
			ExecutionOrderSort (0ms)
			DisableScriptedObjects (3ms)
			BackupInstance (0ms)
			ReleaseScriptingObjects (0ms)
			CreateAndSetChildDomain (27ms)
		EndReloadAssembly (832ms)
			LoadAssemblies (68ms)
			RebuildTransferFunctionScriptingTraits (0ms)
			SetupTypeCache (215ms)
			ReleaseScriptCaches (1ms)
			RebuildScriptCaches (32ms)
			SetupLoadedEditorAssemblies (437ms)
				LogAssemblyErrors (0ms)
				InitializePlatformSupportModulesInManaged (4ms)
				SetLoadedEditorAssemblies (0ms)
				RefreshPlugins (1ms)
				BeforeProcessingInitializeOnLoad (40ms)
				ProcessInitializeOnLoadAttributes (382ms)
				ProcessInitializeOnLoadMethodAttributes (3ms)
				AfterProcessingInitializeOnLoad (7ms)
				EditorAssembliesLoaded (0ms)
			ExecutionOrderSort2 (0ms)
			AwakeInstancesAfterBackupRestoration (5ms)
Platform modules already initialized, skipping
Refreshing native plugins compatible for Editor in 0.47 ms, found 2 plugins.
Preloading 0 native plugins for Editor in 0.00 ms.
Unloading 1436 Unused Serialized files (Serialized files now loaded: 0)
System memory in use before: 74.5 MB.
System memory in use after: 74.6 MB.

Unloading 13 unused Assets to reduce memory usage. Loaded Objects now: 1920.
Total: 2.560800 ms (FindLiveObjects: 0.146200 ms CreateObjectMapping: 0.035100 ms MarkObjects: 2.362600 ms  DeleteObjects: 0.016100 ms)

AssetImportParameters requested are different than current active one (requested -> active):
  custom:framework-win-MediaFoundation: 216162199b28c13a410421893ffa2e32 -> 
  custom:video-decoder-ogg-theora: a1e56fd34408186e4bbccfd4996cb3dc -> 
  custom:container-muxer-webm: aa71ff27fc2769a1b78a27578f13a17b -> 
  custom:container-demuxer-webm: 4f35f7cbe854078d1ac9338744f61a02 -> 
  custom:container-demuxer-ogg: 62fdf1f143b41e24485cea50d1cbac27 -> 
  custom:video-encoder-webm-vp8: eb34c28f22e8b96e1ab97ce403110664 -> 
  custom:video-decoder-webm-vp8: 9c59270c3fd7afecdb556c50c9e8de78 -> 
  custom:audio-decoder-ogg-vorbis: bf7c407c2cedff20999df2af8eb42d56 -> 
  custom:audio-encoder-webm-vorbis: bf7c407c2cedff20999df2af8eb42d56 -> 
========================================================================
Received Prepare
Registering precompiled user dll's ...
Registered in 0.003619 seconds.
Begin MonoManager ReloadAssembly
Native extension for WindowsStandalone target not found
Refreshing native plugins compatible for Editor in 0.48 ms, found 2 plugins.
Preloading 0 native plugins for Editor in 0.00 ms.
Mono: successfully reloaded assembly
- Completed reload, in  0.986 seconds
Domain Reload Profiling:
	ReloadAssembly (987ms)
		BeginReloadAssembly (89ms)
			ExecutionOrderSort (0ms)
			DisableScriptedObjects (3ms)
			BackupInstance (0ms)
			ReleaseScriptingObjects (0ms)
			CreateAndSetChildDomain (28ms)
		EndReloadAssembly (842ms)
			LoadAssemblies (68ms)
			RebuildTransferFunctionScriptingTraits (0ms)
			SetupTypeCache (211ms)
			ReleaseScriptCaches (1ms)
			RebuildScriptCaches (33ms)
			SetupLoadedEditorAssemblies (447ms)
				LogAssemblyErrors (0ms)
				InitializePlatformSupportModulesInManaged (4ms)
				SetLoadedEditorAssemblies (0ms)
				RefreshPlugins (1ms)
				BeforeProcessingInitializeOnLoad (41ms)
				ProcessInitializeOnLoadAttributes (392ms)
				ProcessInitializeOnLoadMethodAttributes (3ms)
				AfterProcessingInitializeOnLoad (6ms)
				EditorAssembliesLoaded (0ms)
			ExecutionOrderSort2 (0ms)
			AwakeInstancesAfterBackupRestoration (5ms)
Platform modules already initialized, skipping
Refreshing native plugins compatible for Editor in 0.48 ms, found 2 plugins.
Preloading 0 native plugins for Editor in 0.00 ms.
Unloading 1435 Unused Serialized files (Serialized files now loaded: 0)
System memory in use before: 74.5 MB.
System memory in use after: 74.6 MB.

Unloading 14 unused Assets to reduce memory usage. Loaded Objects now: 1922.
Total: 2.325400 ms (FindLiveObjects: 0.134100 ms CreateObjectMapping: 0.032000 ms MarkObjects: 2.143600 ms  DeleteObjects: 0.014800 ms)

AssetImportParameters requested are different than current active one (requested -> active):
  custom:framework-win-MediaFoundation: 216162199b28c13a410421893ffa2e32 -> 
  custom:video-decoder-ogg-theora: a1e56fd34408186e4bbccfd4996cb3dc -> 
  custom:container-muxer-webm: aa71ff27fc2769a1b78a27578f13a17b -> 
  custom:container-demuxer-webm: 4f35f7cbe854078d1ac9338744f61a02 -> 
  custom:container-demuxer-ogg: 62fdf1f143b41e24485cea50d1cbac27 -> 
  custom:video-encoder-webm-vp8: eb34c28f22e8b96e1ab97ce403110664 -> 
  custom:video-decoder-webm-vp8: 9c59270c3fd7afecdb556c50c9e8de78 -> 
  custom:audio-decoder-ogg-vorbis: bf7c407c2cedff20999df2af8eb42d56 -> 
  custom:audio-encoder-webm-vorbis: bf7c407c2cedff20999df2af8eb42d56 -> 
========================================================================
Received Import Request.
  Time since last request: 23.763342 seconds.
  path: Assets/Scripts/UI/Concrete/ExitButton.cs
  artifactKey: Guid(9e9a9fa559235c34fb7f07de6ae10575) Importer(815301076,1909f56bfc062723c751e8b465ee728b)
Start importing Assets/Scripts/UI/Concrete/ExitButton.cs using Guid(9e9a9fa559235c34fb7f07de6ae10575) Importer(815301076,1909f56bfc062723c751e8b465ee728b)  -> (artifact id: 'd1d65553c33a4ad868d1baff613d0158') in 0.007496 seconds 
  Import took 0.009841 seconds .

========================================================================
Received Import Request.
  Time since last request: 0.017527 seconds.
  path: Assets/Scripts/UI/Concrete/ExitButton.cs
  artifactKey: Guid(9e9a9fa559235c34fb7f07de6ae10575) Importer(815301076,1909f56bfc062723c751e8b465ee728b)
Start importing Assets/Scripts/UI/Concrete/ExitButton.cs using Guid(9e9a9fa559235c34fb7f07de6ae10575) Importer(815301076,1909f56bfc062723c751e8b465ee728b)  -> (artifact id: 'd1d65553c33a4ad868d1baff613d0158') in 0.002634 seconds 
  Import took 0.005388 seconds .

========================================================================
Received Prepare
Registering precompiled user dll's ...
Registered in 0.003604 seconds.
Begin MonoManager ReloadAssembly
Native extension for WindowsStandalone target not found
Refreshing native plugins compatible for Editor in 0.49 ms, found 2 plugins.
Preloading 0 native plugins for Editor in 0.00 ms.
Mono: successfully reloaded assembly
- Completed reload, in  1.053 seconds
Domain Reload Profiling:
	ReloadAssembly (1053ms)
		BeginReloadAssembly (93ms)
			ExecutionOrderSort (0ms)
			DisableScriptedObjects (3ms)
			BackupInstance (0ms)
			ReleaseScriptingObjects (0ms)
			CreateAndSetChildDomain (28ms)
		EndReloadAssembly (898ms)
			LoadAssemblies (74ms)
			RebuildTransferFunctionScriptingTraits (0ms)
			SetupTypeCache (249ms)
			ReleaseScriptCaches (1ms)
			RebuildScriptCaches (35ms)
			SetupLoadedEditorAssemblies (449ms)
				LogAssemblyErrors (0ms)
				InitializePlatformSupportModulesInManaged (4ms)
				SetLoadedEditorAssemblies (0ms)
				RefreshPlugins (1ms)
				BeforeProcessingInitializeOnLoad (41ms)
				ProcessInitializeOnLoadAttributes (393ms)
				ProcessInitializeOnLoadMethodAttributes (3ms)
				AfterProcessingInitializeOnLoad (6ms)
				EditorAssembliesLoaded (0ms)
			ExecutionOrderSort2 (0ms)
			AwakeInstancesAfterBackupRestoration (5ms)
Platform modules already initialized, skipping
Refreshing native plugins compatible for Editor in 0.48 ms, found 2 plugins.
Preloading 0 native plugins for Editor in 0.00 ms.
Unloading 1436 Unused Serialized files (Serialized files now loaded: 0)
System memory in use before: 74.5 MB.
System memory in use after: 74.6 MB.

Unloading 13 unused Assets to reduce memory usage. Loaded Objects now: 1926.
Total: 2.388900 ms (FindLiveObjects: 0.146200 ms CreateObjectMapping: 0.035600 ms MarkObjects: 2.192500 ms  DeleteObjects: 0.013700 ms)

AssetImportParameters requested are different than current active one (requested -> active):
  custom:framework-win-MediaFoundation: 216162199b28c13a410421893ffa2e32 -> 
  custom:video-decoder-ogg-theora: a1e56fd34408186e4bbccfd4996cb3dc -> 
  custom:container-muxer-webm: aa71ff27fc2769a1b78a27578f13a17b -> 
  custom:container-demuxer-webm: 4f35f7cbe854078d1ac9338744f61a02 -> 
  custom:container-demuxer-ogg: 62fdf1f143b41e24485cea50d1cbac27 -> 
  custom:video-encoder-webm-vp8: eb34c28f22e8b96e1ab97ce403110664 -> 
  custom:video-decoder-webm-vp8: 9c59270c3fd7afecdb556c50c9e8de78 -> 
  custom:audio-decoder-ogg-vorbis: bf7c407c2cedff20999df2af8eb42d56 -> 
  custom:audio-encoder-webm-vorbis: bf7c407c2cedff20999df2af8eb42d56 -> 
========================================================================
Received Import Request.
  Time since last request: 92.892619 seconds.
  path: Assets/Scripts/UI/Concrete/ExitButton.cs
  artifactKey: Guid(9e9a9fa559235c34fb7f07de6ae10575) Importer(815301076,1909f56bfc062723c751e8b465ee728b)
Start importing Assets/Scripts/UI/Concrete/ExitButton.cs using Guid(9e9a9fa559235c34fb7f07de6ae10575) Importer(815301076,1909f56bfc062723c751e8b465ee728b)  -> (artifact id: 'a5056a29157c96a905273fbcefb3e8e8') in 0.006485 seconds 
  Import took 0.009407 seconds .

========================================================================
Received Import Request.
  Time since last request: 33.129297 seconds.
  path: Assets/Scripts/UI/Concrete/ExitButton.cs
  artifactKey: Guid(9e9a9fa559235c34fb7f07de6ae10575) Importer(815301076,1909f56bfc062723c751e8b465ee728b)
Start importing Assets/Scripts/UI/Concrete/ExitButton.cs using Guid(9e9a9fa559235c34fb7f07de6ae10575) Importer(815301076,1909f56bfc062723c751e8b465ee728b)  -> (artifact id: 'c25e784a842b30382c75d16aba4d86be') in 0.002313 seconds 
  Import took 0.005054 seconds .

========================================================================
Received Prepare
Registering precompiled user dll's ...
Registered in 0.003550 seconds.
Begin MonoManager ReloadAssembly
Native extension for WindowsStandalone target not found
Refreshing native plugins compatible for Editor in 0.47 ms, found 2 plugins.
Preloading 0 native plugins for Editor in 0.00 ms.
Mono: successfully reloaded assembly
- Completed reload, in  0.983 seconds
Domain Reload Profiling:
	ReloadAssembly (984ms)
		BeginReloadAssembly (87ms)
			ExecutionOrderSort (0ms)
			DisableScriptedObjects (4ms)
			BackupInstance (0ms)
			ReleaseScriptingObjects (0ms)
			CreateAndSetChildDomain (26ms)
		EndReloadAssembly (840ms)
			LoadAssemblies (67ms)
			RebuildTransferFunctionScriptingTraits (0ms)
			SetupTypeCache (214ms)
			ReleaseScriptCaches (1ms)
			RebuildScriptCaches (32ms)
			SetupLoadedEditorAssemblies (439ms)
				LogAssemblyErrors (0ms)
				InitializePlatformSupportModulesInManaged (4ms)
				SetLoadedEditorAssemblies (0ms)
				RefreshPlugins (1ms)
				BeforeProcessingInitializeOnLoad (42ms)
				ProcessInitializeOnLoadAttributes (383ms)
				ProcessInitializeOnLoadMethodAttributes (3ms)
				AfterProcessingInitializeOnLoad (6ms)
				EditorAssembliesLoaded (0ms)
			ExecutionOrderSort2 (0ms)
			AwakeInstancesAfterBackupRestoration (5ms)
Platform modules already initialized, skipping
Refreshing native plugins compatible for Editor in 0.47 ms, found 2 plugins.
Preloading 0 native plugins for Editor in 0.00 ms.
Unloading 1436 Unused Serialized files (Serialized files now loaded: 0)
System memory in use before: 74.5 MB.
System memory in use after: 74.6 MB.

Unloading 13 unused Assets to reduce memory usage. Loaded Objects now: 1929.
Total: 2.340000 ms (FindLiveObjects: 0.143600 ms CreateObjectMapping: 0.034800 ms MarkObjects: 2.145600 ms  DeleteObjects: 0.014700 ms)

AssetImportParameters requested are different than current active one (requested -> active):
  custom:framework-win-MediaFoundation: 216162199b28c13a410421893ffa2e32 -> 
  custom:video-decoder-ogg-theora: a1e56fd34408186e4bbccfd4996cb3dc -> 
  custom:container-muxer-webm: aa71ff27fc2769a1b78a27578f13a17b -> 
  custom:container-demuxer-webm: 4f35f7cbe854078d1ac9338744f61a02 -> 
  custom:container-demuxer-ogg: 62fdf1f143b41e24485cea50d1cbac27 -> 
  custom:video-encoder-webm-vp8: eb34c28f22e8b96e1ab97ce403110664 -> 
  custom:video-decoder-webm-vp8: 9c59270c3fd7afecdb556c50c9e8de78 -> 
  custom:audio-decoder-ogg-vorbis: bf7c407c2cedff20999df2af8eb42d56 -> 
  custom:audio-encoder-webm-vorbis: bf7c407c2cedff20999df2af8eb42d56 -> 
========================================================================
Received Prepare
Registering precompiled user dll's ...
Registered in 0.004154 seconds.
Begin MonoManager ReloadAssembly
Native extension for WindowsStandalone target not found
Refreshing native plugins compatible for Editor in 0.50 ms, found 2 plugins.
Preloading 0 native plugins for Editor in 0.00 ms.
Mono: successfully reloaded assembly
- Completed reload, in  0.996 seconds
Domain Reload Profiling:
	ReloadAssembly (996ms)
		BeginReloadAssembly (94ms)
			ExecutionOrderSort (0ms)
			DisableScriptedObjects (3ms)
			BackupInstance (0ms)
			ReleaseScriptingObjects (0ms)
			CreateAndSetChildDomain (29ms)
		EndReloadAssembly (840ms)
			LoadAssemblies (74ms)
			RebuildTransferFunctionScriptingTraits (0ms)
			SetupTypeCache (213ms)
			ReleaseScriptCaches (1ms)
			RebuildScriptCaches (31ms)
			SetupLoadedEditorAssemblies (444ms)
				LogAssemblyErrors (0ms)
				InitializePlatformSupportModulesInManaged (4ms)
				SetLoadedEditorAssemblies (0ms)
				RefreshPlugins (1ms)
				BeforeProcessingInitializeOnLoad (39ms)
				ProcessInitializeOnLoadAttributes (390ms)
				ProcessInitializeOnLoadMethodAttributes (3ms)
				AfterProcessingInitializeOnLoad (6ms)
				EditorAssembliesLoaded (0ms)
			ExecutionOrderSort2 (0ms)
			AwakeInstancesAfterBackupRestoration (5ms)
Platform modules already initialized, skipping
Refreshing native plugins compatible for Editor in 0.47 ms, found 2 plugins.
Preloading 0 native plugins for Editor in 0.00 ms.
Unloading 1436 Unused Serialized files (Serialized files now loaded: 0)
System memory in use before: 74.5 MB.
System memory in use after: 74.6 MB.

Unloading 13 unused Assets to reduce memory usage. Loaded Objects now: 1932.
Total: 2.362000 ms (FindLiveObjects: 0.150000 ms CreateObjectMapping: 0.031800 ms MarkObjects: 2.164900 ms  DeleteObjects: 0.014400 ms)

AssetImportParameters requested are different than current active one (requested -> active):
  custom:framework-win-MediaFoundation: 216162199b28c13a410421893ffa2e32 -> 
  custom:video-decoder-ogg-theora: a1e56fd34408186e4bbccfd4996cb3dc -> 
  custom:container-muxer-webm: aa71ff27fc2769a1b78a27578f13a17b -> 
  custom:container-demuxer-webm: 4f35f7cbe854078d1ac9338744f61a02 -> 
  custom:container-demuxer-ogg: 62fdf1f143b41e24485cea50d1cbac27 -> 
  custom:video-encoder-webm-vp8: eb34c28f22e8b96e1ab97ce403110664 -> 
  custom:video-decoder-webm-vp8: 9c59270c3fd7afecdb556c50c9e8de78 -> 
  custom:audio-decoder-ogg-vorbis: bf7c407c2cedff20999df2af8eb42d56 -> 
  custom:audio-encoder-webm-vorbis: bf7c407c2cedff20999df2af8eb42d56 -> 
========================================================================
Received Import Request.
  Time since last request: 729.724685 seconds.
  path: Assets/Resources/Prefabs/Panel/Exit.prefab
  artifactKey: Guid(08cc23755b3325a4ea0c3267acc129ff) Importer(815301076,1909f56bfc062723c751e8b465ee728b)
Start importing Assets/Resources/Prefabs/Panel/Exit.prefab using Guid(08cc23755b3325a4ea0c3267acc129ff) Importer(815301076,1909f56bfc062723c751e8b465ee728b)  -> (artifact id: '5e8850217313831833ece08166c2dd37') in 0.143545 seconds 
  Import took 0.146107 seconds .

========================================================================
Received Import Request.
  Time since last request: 80.162962 seconds.
  path: Assets/Scenes/StoveFail.unity
  artifactKey: Guid(fdd918cda5ca4d343a33b7436f5bd29f) Importer(815301076,1909f56bfc062723c751e8b465ee728b)
Start importing Assets/Scenes/StoveFail.unity using Guid(fdd918cda5ca4d343a33b7436f5bd29f) Importer(815301076,1909f56bfc062723c751e8b465ee728b)  -> (artifact id: '2bc0ca6cdd31a51cf8b7507540b2d2f1') in 0.002709 seconds 
  Import took 0.005173 seconds .

========================================================================
Received Import Request.
  Time since last request: 0.007002 seconds.
  path: Assets/Scenes/StoveFail.unity
  artifactKey: Guid(fdd918cda5ca4d343a33b7436f5bd29f) Importer(815301076,1909f56bfc062723c751e8b465ee728b)
Start importing Assets/Scenes/StoveFail.unity using Guid(fdd918cda5ca4d343a33b7436f5bd29f) Importer(815301076,1909f56bfc062723c751e8b465ee728b)  -> (artifact id: '2bc0ca6cdd31a51cf8b7507540b2d2f1') in 0.002530 seconds 
  Import took 0.004868 seconds .

========================================================================
Received Import Request.
  Time since last request: 9.702974 seconds.
  path: Assets/Scenes/StovePowderFail.unity
  artifactKey: Guid(8aaebed0fcb20164faeceabb4d2a6db1) Importer(815301076,1909f56bfc062723c751e8b465ee728b)
Start importing Assets/Scenes/StovePowderFail.unity using Guid(8aaebed0fcb20164faeceabb4d2a6db1) Importer(815301076,1909f56bfc062723c751e8b465ee728b)  -> (artifact id: '71145f6536482ac7e29b3243d270675e') in 0.006307 seconds 
  Import took 0.008677 seconds .

========================================================================
Received Prepare
Registering precompiled user dll's ...
Registered in 0.003418 seconds.
Begin MonoManager ReloadAssembly
Native extension for WindowsStandalone target not found
Refreshing native plugins compatible for Editor in 0.47 ms, found 2 plugins.
Preloading 0 native plugins for Editor in 0.00 ms.
Mono: successfully reloaded assembly
- Completed reload, in  1.012 seconds
Domain Reload Profiling:
	ReloadAssembly (1013ms)
		BeginReloadAssembly (99ms)
			ExecutionOrderSort (0ms)
			DisableScriptedObjects (4ms)
			BackupInstance (0ms)
			ReleaseScriptingObjects (0ms)
			CreateAndSetChildDomain (32ms)
		EndReloadAssembly (853ms)
			LoadAssemblies (77ms)
			RebuildTransferFunctionScriptingTraits (0ms)
			SetupTypeCache (224ms)
			ReleaseScriptCaches (1ms)
			RebuildScriptCaches (32ms)
			SetupLoadedEditorAssemblies (443ms)
				LogAssemblyErrors (0ms)
				InitializePlatformSupportModulesInManaged (4ms)
				SetLoadedEditorAssemblies (0ms)
				RefreshPlugins (1ms)
				BeforeProcessingInitializeOnLoad (41ms)
				ProcessInitializeOnLoadAttributes (387ms)
				ProcessInitializeOnLoadMethodAttributes (3ms)
				AfterProcessingInitializeOnLoad (6ms)
				EditorAssembliesLoaded (0ms)
			ExecutionOrderSort2 (0ms)
			AwakeInstancesAfterBackupRestoration (5ms)
Platform modules already initialized, skipping
Refreshing native plugins compatible for Editor in 0.49 ms, found 2 plugins.
Preloading 0 native plugins for Editor in 0.00 ms.
Unloading 1436 Unused Serialized files (Serialized files now loaded: 0)
System memory in use before: 74.6 MB.
System memory in use after: 74.7 MB.

Unloading 14 unused Assets to reduce memory usage. Loaded Objects now: 1935.
Total: 2.423900 ms (FindLiveObjects: 0.145000 ms CreateObjectMapping: 0.036400 ms MarkObjects: 2.222200 ms  DeleteObjects: 0.019100 ms)

AssetImportParameters requested are different than current active one (requested -> active):
  custom:framework-win-MediaFoundation: 216162199b28c13a410421893ffa2e32 -> 
  custom:video-decoder-ogg-theora: a1e56fd34408186e4bbccfd4996cb3dc -> 
  custom:container-muxer-webm: aa71ff27fc2769a1b78a27578f13a17b -> 
  custom:container-demuxer-webm: 4f35f7cbe854078d1ac9338744f61a02 -> 
  custom:container-demuxer-ogg: 62fdf1f143b41e24485cea50d1cbac27 -> 
  custom:video-encoder-webm-vp8: eb34c28f22e8b96e1ab97ce403110664 -> 
  custom:video-decoder-webm-vp8: 9c59270c3fd7afecdb556c50c9e8de78 -> 
  custom:audio-decoder-ogg-vorbis: bf7c407c2cedff20999df2af8eb42d56 -> 
  custom:audio-encoder-webm-vorbis: bf7c407c2cedff20999df2af8eb42d56 -> 
========================================================================
Received Import Request.
  Time since last request: 53.182701 seconds.
  path: Assets/Scenes/StoveSuccess.unity
  artifactKey: Guid(66380ec43d17db943bc24a4f61d5f979) Importer(815301076,1909f56bfc062723c751e8b465ee728b)
Start importing Assets/Scenes/StoveSuccess.unity using Guid(66380ec43d17db943bc24a4f61d5f979) Importer(815301076,1909f56bfc062723c751e8b465ee728b)  -> (artifact id: 'deeb5b42212a9caae5326c7c5b575756') in 0.029442 seconds 
  Import took 0.031932 seconds .

========================================================================
Received Import Request.
  Time since last request: 43.382165 seconds.
  path: Assets/Scenes/StoveSuccess.unity
  artifactKey: Guid(66380ec43d17db943bc24a4f61d5f979) Importer(815301076,1909f56bfc062723c751e8b465ee728b)
Start importing Assets/Scenes/StoveSuccess.unity using Guid(66380ec43d17db943bc24a4f61d5f979) Importer(815301076,1909f56bfc062723c751e8b465ee728b)  -> (artifact id: '050ad888d147d4fcc1bb68eb9faa4237') in 0.002517 seconds 
  Import took 0.004776 seconds .

========================================================================
Received Import Request.
  Time since last request: 0.319388 seconds.
  path: Assets/Scenes/StoveWaterFail.unity
  artifactKey: Guid(069849de732cfc540869c4e9206f28bb) Importer(815301076,1909f56bfc062723c751e8b465ee728b)
Start importing Assets/Scenes/StoveWaterFail.unity using Guid(069849de732cfc540869c4e9206f28bb) Importer(815301076,1909f56bfc062723c751e8b465ee728b)  -> (artifact id: 'dbdceb86395fc42af5bb620980beff7d') in 0.006012 seconds 
  Import took 0.008518 seconds .

========================================================================
Received Import Request.
  Time since last request: 0.000604 seconds.
  path: Assets/Scenes/StoveWaterFail.unity
  artifactKey: Guid(069849de732cfc540869c4e9206f28bb) Importer(815301076,1909f56bfc062723c751e8b465ee728b)
Start importing Assets/Scenes/StoveWaterFail.unity using Guid(069849de732cfc540869c4e9206f28bb) Importer(815301076,1909f56bfc062723c751e8b465ee728b)  -> (artifact id: 'dbdceb86395fc42af5bb620980beff7d') in 0.002395 seconds 
  Import took 0.004603 seconds .

========================================================================
Received Import Request.
  Time since last request: 57.768696 seconds.
  path: Assets/Scenes/FEEnd.unity
  artifactKey: Guid(7b1ebdf8712d61e4d98ace8f3dd802c7) Importer(815301076,1909f56bfc062723c751e8b465ee728b)
Start importing Assets/Scenes/FEEnd.unity using Guid(7b1ebdf8712d61e4d98ace8f3dd802c7) Importer(815301076,1909f56bfc062723c751e8b465ee728b)  -> (artifact id: '912e5b03fa1737a7d5ac6f81c60a2c5e') in 0.005907 seconds 
  Import took 0.008271 seconds .

========================================================================
Received Prepare
Registering precompiled user dll's ...
Registered in 0.004058 seconds.
Begin MonoManager ReloadAssembly
Native extension for WindowsStandalone target not found
Refreshing native plugins compatible for Editor in 0.47 ms, found 2 plugins.
Preloading 0 native plugins for Editor in 0.00 ms.
Mono: successfully reloaded assembly
- Completed reload, in  0.990 seconds
Domain Reload Profiling:
	ReloadAssembly (991ms)
		BeginReloadAssembly (91ms)
			ExecutionOrderSort (0ms)
			DisableScriptedObjects (3ms)
			BackupInstance (0ms)
			ReleaseScriptingObjects (0ms)
			CreateAndSetChildDomain (30ms)
		EndReloadAssembly (845ms)
			LoadAssemblies (69ms)
			RebuildTransferFunctionScriptingTraits (0ms)
			SetupTypeCache (214ms)
			ReleaseScriptCaches (1ms)
			RebuildScriptCaches (31ms)
			SetupLoadedEditorAssemblies (449ms)
				LogAssemblyErrors (0ms)
				InitializePlatformSupportModulesInManaged (4ms)
				SetLoadedEditorAssemblies (0ms)
				RefreshPlugins (1ms)
				BeforeProcessingInitializeOnLoad (40ms)
				ProcessInitializeOnLoadAttributes (395ms)
				ProcessInitializeOnLoadMethodAttributes (3ms)
				AfterProcessingInitializeOnLoad (6ms)
				EditorAssembliesLoaded (0ms)
			ExecutionOrderSort2 (0ms)
			AwakeInstancesAfterBackupRestoration (5ms)
Platform modules already initialized, skipping
Refreshing native plugins compatible for Editor in 0.52 ms, found 2 plugins.
Preloading 0 native plugins for Editor in 0.00 ms.
Unloading 1436 Unused Serialized files (Serialized files now loaded: 0)
System memory in use before: 74.6 MB.
System memory in use after: 74.7 MB.

Unloading 13 unused Assets to reduce memory usage. Loaded Objects now: 1938.
Total: 2.566900 ms (FindLiveObjects: 0.157100 ms CreateObjectMapping: 0.031600 ms MarkObjects: 2.359300 ms  DeleteObjects: 0.017800 ms)

AssetImportParameters requested are different than current active one (requested -> active):
  custom:framework-win-MediaFoundation: 216162199b28c13a410421893ffa2e32 -> 
  custom:video-decoder-ogg-theora: a1e56fd34408186e4bbccfd4996cb3dc -> 
  custom:container-muxer-webm: aa71ff27fc2769a1b78a27578f13a17b -> 
  custom:container-demuxer-webm: 4f35f7cbe854078d1ac9338744f61a02 -> 
  custom:container-demuxer-ogg: 62fdf1f143b41e24485cea50d1cbac27 -> 
  custom:video-encoder-webm-vp8: eb34c28f22e8b96e1ab97ce403110664 -> 
  custom:video-decoder-webm-vp8: 9c59270c3fd7afecdb556c50c9e8de78 -> 
  custom:audio-decoder-ogg-vorbis: bf7c407c2cedff20999df2af8eb42d56 -> 
  custom:audio-encoder-webm-vorbis: bf7c407c2cedff20999df2af8eb42d56 -> 
========================================================================
Received Import Request.
  Time since last request: 183.797779 seconds.
  path: Assets/Scripts/Scene/Stove/SerialMove3.cs
  artifactKey: Guid(f4c9428b2def38245ab8eca8ce75e780) Importer(815301076,1909f56bfc062723c751e8b465ee728b)
Start importing Assets/Scripts/Scene/Stove/SerialMove3.cs using Guid(f4c9428b2def38245ab8eca8ce75e780) Importer(815301076,1909f56bfc062723c751e8b465ee728b)  -> (artifact id: '3fa4d7e6eef1a3116e0ff846cb14e99f') in 0.007920 seconds 
  Import took 0.010357 seconds .

========================================================================
Received Import Request.
  Time since last request: 3.198152 seconds.
  path: Assets/Scripts/Scene/Stove/SerialMove2.cs
  artifactKey: Guid(c88834f1e39645043a2fa8fb1d450ae6) Importer(815301076,1909f56bfc062723c751e8b465ee728b)
Start importing Assets/Scripts/Scene/Stove/SerialMove2.cs using Guid(c88834f1e39645043a2fa8fb1d450ae6) Importer(815301076,1909f56bfc062723c751e8b465ee728b)  -> (artifact id: '89826f7d773ea6f656eff15c73810ac4') in 0.005515 seconds 
  Import took 0.007893 seconds .

========================================================================
Received Import Request.
  Time since last request: 0.001684 seconds.
  path: Assets/Scripts/Scene/Stove/SerialMove2.cs
  artifactKey: Guid(c88834f1e39645043a2fa8fb1d450ae6) Importer(815301076,1909f56bfc062723c751e8b465ee728b)
Start importing Assets/Scripts/Scene/Stove/SerialMove2.cs using Guid(c88834f1e39645043a2fa8fb1d450ae6) Importer(815301076,1909f56bfc062723c751e8b465ee728b)  -> (artifact id: '89826f7d773ea6f656eff15c73810ac4') in 0.002267 seconds 
  Import took 0.004427 seconds .

========================================================================
Received Prepare
Registering precompiled user dll's ...
Registered in 0.003706 seconds.
Begin MonoManager ReloadAssembly
Native extension for WindowsStandalone target not found
Refreshing native plugins compatible for Editor in 0.46 ms, found 2 plugins.
Preloading 0 native plugins for Editor in 0.00 ms.
Mono: successfully reloaded assembly
- Completed reload, in  0.975 seconds
Domain Reload Profiling:
	ReloadAssembly (975ms)
		BeginReloadAssembly (92ms)
			ExecutionOrderSort (0ms)
			DisableScriptedObjects (3ms)
			BackupInstance (0ms)
			ReleaseScriptingObjects (0ms)
			CreateAndSetChildDomain (28ms)
		EndReloadAssembly (823ms)
			LoadAssemblies (72ms)
			RebuildTransferFunctionScriptingTraits (0ms)
			SetupTypeCache (215ms)
			ReleaseScriptCaches (1ms)
			RebuildScriptCaches (30ms)
			SetupLoadedEditorAssemblies (431ms)
				LogAssemblyErrors (0ms)
				InitializePlatformSupportModulesInManaged (4ms)
				SetLoadedEditorAssemblies (0ms)
				RefreshPlugins (1ms)
				BeforeProcessingInitializeOnLoad (39ms)
				ProcessInitializeOnLoadAttributes (378ms)
				ProcessInitializeOnLoadMethodAttributes (3ms)
				AfterProcessingInitializeOnLoad (6ms)
				EditorAssembliesLoaded (0ms)
			ExecutionOrderSort2 (0ms)
			AwakeInstancesAfterBackupRestoration (5ms)
Platform modules already initialized, skipping
Refreshing native plugins compatible for Editor in 0.46 ms, found 2 plugins.
Preloading 0 native plugins for Editor in 0.00 ms.
Unloading 1437 Unused Serialized files (Serialized files now loaded: 0)
System memory in use before: 74.6 MB.
System memory in use after: 74.7 MB.

Unloading 13 unused Assets to reduce memory usage. Loaded Objects now: 1942.
Total: 2.690500 ms (FindLiveObjects: 0.143400 ms CreateObjectMapping: 0.031300 ms MarkObjects: 2.499800 ms  DeleteObjects: 0.015000 ms)

AssetImportParameters requested are different than current active one (requested -> active):
  custom:framework-win-MediaFoundation: 216162199b28c13a410421893ffa2e32 -> 
  custom:video-decoder-ogg-theora: a1e56fd34408186e4bbccfd4996cb3dc -> 
  custom:container-muxer-webm: aa71ff27fc2769a1b78a27578f13a17b -> 
  custom:container-demuxer-webm: 4f35f7cbe854078d1ac9338744f61a02 -> 
  custom:container-demuxer-ogg: 62fdf1f143b41e24485cea50d1cbac27 -> 
  custom:video-encoder-webm-vp8: eb34c28f22e8b96e1ab97ce403110664 -> 
  custom:video-decoder-webm-vp8: 9c59270c3fd7afecdb556c50c9e8de78 -> 
  custom:audio-decoder-ogg-vorbis: bf7c407c2cedff20999df2af8eb42d56 -> 
  custom:audio-encoder-webm-vorbis: bf7c407c2cedff20999df2af8eb42d56 -> 
AssetImportWorkerClient::OnTransportError - code=2 error=End of file
